<?xml version="1.0" encoding="UTF-8"?>
<!-- Generated by org.testng.reporters.JUnitReportReporter -->
<testsuite hostname="LAPTOP-6HBRLCIJ" failures="0" tests="1" name="mayurprac.JioTest" time="21.855" errors="0" timestamp="2023-09-11T09:11:50 IST" skipped="0">
  <testcase classname="mayurprac.JioTest" name="test" time="21.855"/>
  <system-out/>
</testsuite> <!-- mayurprac.JioTest -->
