<?xml version="1.0" encoding="UTF-8"?>
<!-- Generated by org.testng.reporters.JUnitReportReporter -->
<testsuite hostname="LAPTOP-6HBRLCIJ" failures="0" tests="1" name="com.osa.Manage_module.Manage_Insert_Subcategory_Category_FromBaseClass" time="6.321" errors="0" timestamp="2023-09-21T15:33:28 IST" skipped="0">
  <testcase classname="com.osa.Manage_module.Manage_Insert_Subcategory_Category_FromBaseClass" name="main" time="6.321">
    <system-out>
      <![CDATA[main---> Execution starts
main------> Testscript executed successfully]]>
    </system-out>
  </testcase> <!-- main -->
  <system-out>
    <![CDATA[main---> Execution starts
main--->Skipped
createCategory---> Execution starts
createCategory-----> Failed
main---> Execution starts
main------> Testscript executed successfully]]>
  </system-out>
</testsuite> <!-- com.osa.Manage_module.Manage_Insert_Subcategory_Category_FromBaseClass -->
