<?xml version="1.0" encoding="UTF-8"?>
<!-- Generated by org.testng.reporters.JUnitReportReporter -->
<testsuite hostname="LAPTOP-6HBRLCIJ" failures="0" tests="1" name="mayurprac.PracTestng" time="0.035" errors="0" timestamp="2023-09-06T12:27:57 IST" skipped="0">
  <testcase classname="mayurprac.PracTestng" name="test" time="0.035"/>
  <system-out/>
</testsuite> <!-- mayurprac.PracTestng -->
