<?xml version="1.0" encoding="UTF-8"?>
<!-- Generated by org.testng.reporters.JUnitReportReporter -->
<testsuite hostname="LAPTOP-6HBRLCIJ" failures="0" tests="1" name="com.practicepackage.Sample" time="0.010" errors="0" timestamp="2023-09-19T22:58:33 IST" skipped="0">
  <testcase classname="com.practicepackage.Sample" name="testSample" time="0.010"/>
</testsuite> <!-- com.practicepackage.Sample -->
