<?xml version="1.0" encoding="UTF-8"?>
<!-- Generated by org.testng.reporters.JUnitReportReporter -->
<testsuite hostname="LAPTOP-6HBRLCIJ" failures="0" tests="1" name="mayurprac.StringTokenizerExample" time="0.009" errors="0" timestamp="2023-10-13T14:59:44 IST" skipped="0">
  <testcase classname="mayurprac.StringTokenizerExample" name="tokenString" time="0.009"/>
</testsuite> <!-- mayurprac.StringTokenizerExample -->
