<?xml version="1.0" encoding="UTF-8"?>
<!-- Generated by org.testng.reporters.JUnitReportReporter -->
<testsuite hostname="LAPTOP-6HBRLCIJ" failures="0" tests="4" name="TestNG.ReadDataFromExcel" time="0.010" errors="0" timestamp="2023-09-15T13:38:00 IST" skipped="0">
  <testcase classname="TestNG.ReadDataFromExcel" name="ReadDataFromExcel" time="0.001"/>
  <testcase classname="TestNG.ReadDataFromExcel" name="ReadDataFromExcel" time="0.001"/>
  <testcase classname="TestNG.ReadDataFromExcel" name="ReadDataFromExcel" time="0.005"/>
  <testcase classname="TestNG.ReadDataFromExcel" name="ReadDataFromExcel" time="0.003"/>
</testsuite> <!-- TestNG.ReadDataFromExcel -->
