<?xml version="1.0" encoding="UTF-8"?>
<!-- Generated by org.testng.reporters.JUnitReportReporter -->
<testsuite hostname="LAPTOP-6HBRLCIJ" failures="0" tests="2" name="TestNG.ExecutionOfAnnotations" time="0.019" errors="0" timestamp="2023-09-16T19:13:28 IST" skipped="0">
  <testcase classname="TestNG.ExecutionOfAnnotations" name="test2" time="0.007"/>
  <testcase classname="TestNG.ExecutionOfAnnotations" name="test" time="0.012"/>
</testsuite> <!-- TestNG.ExecutionOfAnnotations -->
