<?xml version="1.0" encoding="UTF-8"?>
<!-- Generated by org.testng.reporters.JUnitReportReporter -->
<testsuite hostname="LAPTOP-6HBRLCIJ" failures="0" tests="3" name="TestNG.DataProviderTest" time="0.018" errors="0" timestamp="2023-09-15T12:58:07 IST" skipped="0">
  <testcase classname="TestNG.DataProviderTest" name="dataProviderTest" time="0.008"/>
  <testcase classname="TestNG.DataProviderTest" name="dataProviderTest" time="0.006"/>
  <testcase classname="TestNG.DataProviderTest" name="dataProviderTest" time="0.004"/>
</testsuite> <!-- TestNG.DataProviderTest -->
