<?xml version="1.0" encoding="UTF-8"?>
<!-- Generated by org.testng.reporters.JUnitReportReporter -->
<testsuite hostname="LAPTOP-6HBRLCIJ" failures="0" tests="4" name="TestNG.ProvideDataFromExcelclass2" time="0.014" errors="0" timestamp="2023-09-15T15:37:25 IST" skipped="0">
  <testcase classname="TestNG.ProvideDataFromExcelclass2" name="getData" time="0.002"/>
  <testcase classname="TestNG.ProvideDataFromExcelclass2" name="getData" time="0.006"/>
  <testcase classname="TestNG.ProvideDataFromExcelclass2" name="getData" time="0.001"/>
  <testcase classname="TestNG.ProvideDataFromExcelclass2" name="getData" time="0.005"/>
</testsuite> <!-- TestNG.ProvideDataFromExcelclass2 -->
