<?xml version="1.0" encoding="UTF-8"?>
<!-- Generated by org.testng.reporters.JUnitReportReporter -->
<testsuite hostname="LAPTOP-6HBRLCIJ" failures="0" tests="4" name="TestNG.ReadDataFromExcelclass" time="0.014" errors="0" timestamp="2023-09-15T15:31:48 IST" skipped="0">
  <testcase classname="TestNG.ReadDataFromExcelclass" name="gatData" time="0.006"/>
  <testcase classname="TestNG.ReadDataFromExcelclass" name="gatData" time="0.006"/>
  <testcase classname="TestNG.ReadDataFromExcelclass" name="gatData" time="0.001"/>
  <testcase classname="TestNG.ReadDataFromExcelclass" name="gatData" time="0.001"/>
</testsuite> <!-- TestNG.ReadDataFromExcelclass -->
