<?xml version="1.0" encoding="UTF-8"?>
<!-- Generated by org.testng.reporters.JUnitReportReporter -->
<testsuite hostname="LAPTOP-6HBRLCIJ" failures="0" tests="2" name="TestNG.PracticeTestNg" time="0.013" errors="0" timestamp="2023-09-15T13:52:45 IST" skipped="0">
  <testcase classname="TestNG.PracticeTestNg" name="deleteTest" time="0.011"/>
  <testcase classname="TestNG.PracticeTestNg" name="editTest" time="0.002"/>
</testsuite> <!-- TestNG.PracticeTestNg -->
