<?xml version="1.0" encoding="UTF-8"?>
<!-- Generated by org.testng.reporters.JUnitReportReporter -->
<testsuite hostname="LAPTOP-6HBRLCIJ" failures="0" tests="2" name="TestNG.Execution" time="0.033" errors="0" timestamp="2023-09-15T17:26:25 IST" skipped="0">
  <testcase classname="TestNG.Execution" name="test" time="0.021"/>
  <testcase classname="TestNG.Execution" name="test2" time="0.012"/>
</testsuite> <!-- TestNG.Execution -->
