<?xml version="1.0" encoding="UTF-8"?>
<!-- Generated by org.testng.reporters.JUnitReportReporter -->
<testsuite hostname="LAPTOP-6HBRLCIJ" failures="0" tests="1" name="mayurprac.FacebookMvnCommanLineTest" time="9.882" errors="0" timestamp="2023-09-10T13:26:13 IST" skipped="0">
  <testcase classname="mayurprac.FacebookMvnCommanLineTest" name="facebook" time="9.882"/>
  <system-out/>
</testsuite> <!-- mayurprac.FacebookMvnCommanLineTest -->
